<?xml version="1.0" encoding="UTF-8"?>
<coverage generated="1584229402247" clover="3.2.0">
  <project timestamp="1584229402248" name="All files">
    <metrics statements="19" coveredstatements="16" conditionals="2" coveredconditionals="1" methods="9" coveredmethods="6" elements="30" coveredelements="23" complexity="0" loc="19" ncloc="19" packages="2" files="4" classes="4"/>
    <package name="client.src">
      <metrics statements="17" coveredstatements="14" conditionals="2" coveredconditionals="1" methods="9" coveredmethods="6"/>
      <file name="App.jsx" path="/Users/alfred/Desktop/videoplayer_comp/client/src/App.jsx">
        <metrics statements="9" coveredstatements="7" conditionals="0" coveredconditionals="0" methods="6" coveredmethods="4"/>
        <line num="8" count="3" type="stmt"/>
        <line num="9" count="3" type="stmt"/>
        <line num="12" count="3" type="stmt"/>
        <line num="16" count="4" type="stmt"/>
        <line num="20" count="3" type="stmt"/>
        <line num="22" count="0" type="stmt"/>
        <line num="26" count="0" type="stmt"/>
        <line num="30" count="3" type="stmt"/>
        <line num="31" count="3" type="stmt"/>
      </file>
      <file name="VideoEntry.jsx" path="/Users/alfred/Desktop/videoplayer_comp/client/src/VideoEntry.jsx">
        <metrics statements="2" coveredstatements="2" conditionals="0" coveredconditionals="0" methods="1" coveredmethods="1"/>
        <line num="6" count="3" type="stmt"/>
        <line num="7" count="2" type="stmt"/>
      </file>
      <file name="Videoplayer.jsx" path="/Users/alfred/Desktop/videoplayer_comp/client/src/Videoplayer.jsx">
        <metrics statements="6" coveredstatements="5" conditionals="2" coveredconditionals="1" methods="2" coveredmethods="1"/>
        <line num="8" count="2" type="stmt"/>
        <line num="9" count="1" type="stmt"/>
        <line num="10" count="1" type="stmt"/>
        <line num="11" count="1" type="cond" truecount="1" falsecount="1"/>
        <line num="12" count="0" type="stmt"/>
        <line num="14" count="1" type="stmt"/>
      </file>
    </package>
    <package name="test">
      <metrics statements="2" coveredstatements="2" conditionals="0" coveredconditionals="0" methods="0" coveredmethods="0"/>
      <file name="testdata.js" path="/Users/alfred/Desktop/videoplayer_comp/test/testdata.js">
        <metrics statements="2" coveredstatements="2" conditionals="0" coveredconditionals="0" methods="0" coveredmethods="0"/>
        <line num="1" count="1" type="stmt"/>
        <line num="41" count="1" type="stmt"/>
      </file>
    </package>
  </project>
</coverage>
