{"/Users/alfred/Desktop/videoplayer_comp/client/src/App.jsx": {"path":"/Users/alfred/Desktop/videoplayer_comp/client/src/App.jsx","statementMap":{"0":{"start":{"line":11,"column":4},"end":{"line":11,"column":12}},"1":{"start":{"line":12,"column":4},"end":{"line":14,"column":6}},"2":{"start":{"line":15,"column":4},"end":{"line":15,"column":35}},"3":{"start":{"line":19,"column":4},"end":{"line":19,"column":15}},"4":{"start":{"line":23,"column":4},"end":{"line":30,"column":40}},"5":{"start":{"line":25,"column":22},"end":{"line":25,"column":59}},"6":{"start":{"line":26,"column":8},"end":{"line":28,"column":11}},"7":{"start":{"line":30,"column":22},"end":{"line":30,"column":38}},"8":{"start":{"line":34,"column":4},"end":{"line":36,"column":6}}},"fnMap":{"0":{"name":"(anonymous_0)","decl":{"start":{"line":10,"column":2},"end":{"line":10,"column":3}},"loc":{"start":{"line":10,"column":16},"end":{"line":16,"column":3}},"line":10},"1":{"name":"(anonymous_1)","decl":{"start":{"line":18,"column":2},"end":{"line":18,"column":3}},"loc":{"start":{"line":18,"column":22},"end":{"line":20,"column":3}},"line":18},"2":{"name":"(anonymous_2)","decl":{"start":{"line":22,"column":2},"end":{"line":22,"column":3}},"loc":{"start":{"line":22,"column":8},"end":{"line":31,"column":3}},"line":22},"3":{"name":"(anonymous_3)","decl":{"start":{"line":24,"column":12},"end":{"line":24,"column":13}},"loc":{"start":{"line":24,"column":24},"end":{"line":29,"column":7}},"line":24},"4":{"name":"(anonymous_4)","decl":{"start":{"line":30,"column":13},"end":{"line":30,"column":14}},"loc":{"start":{"line":30,"column":22},"end":{"line":30,"column":38}},"line":30},"5":{"name":"(anonymous_5)","decl":{"start":{"line":33,"column":2},"end":{"line":33,"column":3}},"loc":{"start":{"line":33,"column":11},"end":{"line":37,"column":3}},"line":33}},"branchMap":{},"s":{"0":3,"1":3,"2":3,"3":4,"4":3,"5":0,"6":0,"7":0,"8":3},"f":{"0":3,"1":4,"2":3,"3":0,"4":0,"5":3},"b":{},"_coverageSchema":"1a1c01bbd47fc00a2c39e90264f33305004495a9","hash":"7452b4fda5f321950b63ab5ca36d10e8a029b03c"}
,"/Users/alfred/Desktop/videoplayer_comp/client/src/VideoEntry.jsx": {"path":"/Users/alfred/Desktop/videoplayer_comp/client/src/VideoEntry.jsx","statementMap":{"0":{"start":{"line":6,"column":19},"end":{"line":12,"column":1}},"1":{"start":{"line":7,"column":2},"end":{"line":11,"column":11}}},"fnMap":{"0":{"name":"(anonymous_0)","decl":{"start":{"line":6,"column":19},"end":{"line":6,"column":20}},"loc":{"start":{"line":7,"column":2},"end":{"line":11,"column":11}},"line":7}},"branchMap":{},"s":{"0":2,"1":0},"f":{"0":0},"b":{},"_coverageSchema":"1a1c01bbd47fc00a2c39e90264f33305004495a9","hash":"5e105fa109cb92482586807f100c3e842e503c0e"}
,"/Users/alfred/Desktop/videoplayer_comp/client/src/Videoplayer.jsx": {"path":"/Users/alfred/Desktop/videoplayer_comp/client/src/Videoplayer.jsx","statementMap":{"0":{"start":{"line":9,"column":20},"end":{"line":9,"column":115}},"1":{"start":{"line":9,"column":31},"end":{"line":9,"column":115}},"2":{"start":{"line":9,"column":69},"end":{"line":9,"column":107}}},"fnMap":{"0":{"name":"(anonymous_0)","decl":{"start":{"line":9,"column":20},"end":{"line":9,"column":21}},"loc":{"start":{"line":9,"column":31},"end":{"line":9,"column":115}},"line":9},"1":{"name":"(anonymous_1)","decl":{"start":{"line":9,"column":53},"end":{"line":9,"column":54}},"loc":{"start":{"line":9,"column":69},"end":{"line":9,"column":107}},"line":9}},"branchMap":{},"s":{"0":2,"1":1,"2":0},"f":{"0":1,"1":0},"b":{},"_coverageSchema":"1a1c01bbd47fc00a2c39e90264f33305004495a9","hash":"d10c96fa0d6e91fb308e8be999b3baa8abe885c0"}
}
