TN:
SF:client/src/App.jsx
FN:13,(anonymous_0)
FN:25,(anonymous_1)
FN:30,(anonymous_2)
FN:34,(anonymous_3)
FN:36,(anonymous_4)
FN:39,(anonymous_5)
FN:42,(anonymous_6)
FN:56,(anonymous_7)
FN:70,(anonymous_8)
FNF:9
FNH:4
FNDA:3,(anonymous_0)
FNDA:4,(anonymous_1)
FNDA:0,(anonymous_2)
FNDA:3,(anonymous_3)
FNDA:0,(anonymous_4)
FNDA:0,(anonymous_5)
FNDA:0,(anonymous_6)
FNDA:0,(anonymous_7)
FNDA:3,(anonymous_8)
DA:14,3
DA:15,3
DA:20,3
DA:21,3
DA:22,3
DA:26,4
DA:27,4
DA:31,0
DA:35,3
DA:37,0
DA:39,0
DA:43,0
DA:44,0
DA:45,0
DA:46,0
DA:50,0
DA:57,0
DA:58,0
DA:59,0
DA:60,0
DA:64,0
DA:71,3
DA:72,3
DA:73,3
DA:75,3
DA:76,0
DA:77,0
DA:80,3
LF:28
LH:13
BRDA:45,0,0,0
BRDA:45,0,1,0
BRDA:59,1,0,0
BRDA:59,1,1,0
BRDA:73,2,0,0
BRDA:73,2,1,3
BRDA:75,3,0,0
BRDA:75,3,1,3
BRDA:76,4,0,0
BRDA:76,4,1,0
BRF:10
BRH:2
end_of_record
TN:
SF:client/src/Placeholder.jsx
FN:9,(anonymous_0)
FNF:1
FNH:0
FNDA:0,(anonymous_0)
DA:4,1
DA:9,1
DA:10,0
LF:3
LH:2
BRF:0
BRH:0
end_of_record
TN:
SF:client/src/ScrollDownVid.jsx
FN:13,(anonymous_0)
FNF:1
FNH:0
FNDA:0,(anonymous_0)
DA:7,1
DA:13,1
DA:14,0
DA:15,0
DA:16,0
LF:5
LH:2
BRF:0
BRH:0
end_of_record
TN:
SF:client/src/VideoEntry.jsx
FN:6,(anonymous_0)
FNF:1
FNH:1
FNDA:2,(anonymous_0)
DA:6,3
DA:7,2
LF:2
LH:2
BRF:0
BRH:0
end_of_record
TN:
SF:client/src/Videoplayer.jsx
FN:9,(anonymous_0)
FNF:1
FNH:1
FNDA:1,(anonymous_0)
DA:9,2
DA:10,1
DA:11,1
DA:12,1
DA:13,1
DA:15,1
LF:6
LH:6
BRDA:12,0,0,1
BRDA:12,0,1,0
BRF:2
BRH:1
end_of_record
TN:
SF:client/src/ChannelInfoComp/ChannelContainer.jsx
FN:36,(anonymous_0)
FNF:1
FNH:1
FNDA:3,(anonymous_0)
DA:9,2
DA:15,2
DA:20,2
DA:24,2
DA:32,2
DA:36,2
DA:37,3
DA:38,3
DA:40,3
LF:9
LH:9
BRF:0
BRH:0
end_of_record
TN:
SF:client/src/ChannelInfoComp/ChannelInfoBar.jsx
FN:24,(anonymous_0)
FN:32,(anonymous_1)
FNF:2
FNH:0
FNDA:0,(anonymous_0)
FNDA:0,(anonymous_1)
DA:10,1
DA:17,1
DA:25,0
DA:26,0
DA:33,0
DA:34,0
LF:6
LH:2
BRF:0
BRH:0
end_of_record
TN:
SF:client/src/ChannelInfoComp/InforButton.jsx
FN:14,(anonymous_0)
FN:24,(anonymous_1)
FN:30,(anonymous_2)
FNF:3
FNH:0
FNDA:0,(anonymous_0)
FNDA:0,(anonymous_1)
FNDA:0,(anonymous_2)
DA:6,1
DA:15,0
DA:16,0
DA:21,0
DA:25,0
DA:26,0
DA:27,0
DA:31,0
LF:8
LH:1
BRF:0
BRH:0
end_of_record
TN:
SF:client/src/ChannelInfoComp/TagButtons.jsx
FN:18,(anonymous_0)
FN:22,(anonymous_1)
FNF:2
FNH:0
FNDA:0,(anonymous_0)
FNDA:0,(anonymous_1)
DA:7,2
DA:18,2
DA:19,0
DA:20,0
DA:23,0
LF:5
LH:2
BRF:0
BRH:0
end_of_record
TN:
SF:client/src/ChannelInfoComp/ViewRelated.jsx
FN:23,(anonymous_0)
FNF:1
FNH:0
FNDA:0,(anonymous_0)
DA:10,2
DA:16,2
DA:23,2
DA:24,0
LF:4
LH:3
BRF:0
BRH:0
end_of_record
TN:
SF:client/src/ChannelInfoComp/Views.jsx
FN:23,(anonymous_0)
FNF:1
FNH:0
FNDA:0,(anonymous_0)
DA:6,2
DA:13,2
DA:19,2
DA:23,2
DA:24,0
LF:5
LH:4
BRF:0
BRH:0
end_of_record
TN:
SF:client/src/PopupWidget/PopForm.jsx
FN:30,(anonymous_0)
FN:37,(anonymous_1)
FN:41,(anonymous_2)
FN:45,(anonymous_3)
FN:52,(anonymous_4)
FNF:5
FNH:0
FNDA:0,(anonymous_0)
FNDA:0,(anonymous_1)
FNDA:0,(anonymous_2)
FNDA:0,(anonymous_3)
FNDA:0,(anonymous_4)
DA:7,1
DA:17,1
DA:31,0
DA:32,0
DA:33,0
DA:34,0
DA:38,0
DA:42,0
DA:46,0
DA:47,0
DA:48,0
DA:53,0
DA:55,0
LF:13
LH:2
BRDA:47,0,0,0
BRDA:47,0,1,0
BRF:2
BRH:0
end_of_record
TN:
SF:test/testdata.js
FNF:0
FNH:0
DA:1,3
DA:41,3
LF:2
LH:2
BRF:0
BRH:0
end_of_record
